Release 14.2 - ngc2edif P.28xd (nt64)
Copyright (c) 1995-2012 Xilinx, Inc.  All rights reserved.
Reading design serial_port.ngc ...
WARNING:NetListWriters:298 - No output is written to serial_port.xncf, ignored.
Processing design ...
   Preping design's networks ...
   Preping design's macros ...
  finished :Prep
Writing EDIF netlist file serial_port.edif ...
ngc2edif: Total memory usage is 82420 kilobytes

Release 14.2 - ngc2edif P.28xd (nt64)
Copyright (c) 1995-2012 Xilinx, Inc.  All rights reserved.
Reading design serial_port.ngc ...
WARNING:NetListWriters:298 - No output is written to serial_port.xncf, ignored.
Processing design ...
   Preping design's networks ...
   Preping design's macros ...
  finished :Prep
Writing EDIF netlist file serial_port.edif ...
ngc2edif: Total memory usage is 82036 kilobytes

