Release 14.2 - ngc2edif P.28xd (nt)
Copyright (c) 1995-2012 Xilinx, Inc.  All rights reserved.
Reading design ram.ngc ...
WARNING:NetListWriters:298 - No output is written to ram.xncf, ignored.
Processing design ...
   Preping design's networks ...
   Preping design's macros ...
  finished :Prep
Writing EDIF netlist file ram.edif ...
ngc2edif: Total memory usage is 78708 kilobytes

Release 14.2 - ngc2edif P.28xd (nt)
Copyright (c) 1995-2012 Xilinx, Inc.  All rights reserved.
Reading design ram.ngc ...
WARNING:NetListWriters:298 - No output is written to ram.xncf, ignored.
Processing design ...
   Preping design's networks ...
   Preping design's macros ...
  finished :Prep
Writing EDIF netlist file ram.edif ...
ngc2edif: Total memory usage is 78132 kilobytes

Release 14.2 - ngc2edif P.28xd (nt)
Copyright (c) 1995-2012 Xilinx, Inc.  All rights reserved.
Reading design ram.ngc ...
WARNING:NetListWriters:298 - No output is written to ram.xncf, ignored.
Processing design ...
   Preping design's networks ...
   Preping design's macros ...
  finished :Prep
Writing EDIF netlist file ram.edif ...
ngc2edif: Total memory usage is 78900 kilobytes

Release 14.2 - ngc2edif P.28xd (nt)
Copyright (c) 1995-2012 Xilinx, Inc.  All rights reserved.
Reading design ram.ngc ...
WARNING:NetListWriters:298 - No output is written to ram.xncf, ignored.
Processing design ...
   Preping design's networks ...
   Preping design's macros ...
  finished :Prep
Writing EDIF netlist file ram.edif ...
ngc2edif: Total memory usage is 79220 kilobytes

Release 14.2 - ngc2edif P.28xd (nt)
Copyright (c) 1995-2012 Xilinx, Inc.  All rights reserved.
Reading design ram.ngc ...
WARNING:NetListWriters:298 - No output is written to ram.xncf, ignored.
Processing design ...
   Preping design's networks ...
   Preping design's macros ...
  finished :Prep
Writing EDIF netlist file ram.edif ...
ngc2edif: Total memory usage is 78964 kilobytes

Release 14.2 - ngc2edif P.28xd (nt)
Copyright (c) 1995-2012 Xilinx, Inc.  All rights reserved.
Reading design ram.ngc ...
WARNING:NetListWriters:298 - No output is written to ram.xncf, ignored.
Processing design ...
   Preping design's networks ...
   Preping design's macros ...
  finished :Prep
Writing EDIF netlist file ram.edif ...
ngc2edif: Total memory usage is 78708 kilobytes

Release 14.2 - ngc2edif P.28xd (nt)
Copyright (c) 1995-2012 Xilinx, Inc.  All rights reserved.
Reading design ram.ngc ...
WARNING:NetListWriters:298 - No output is written to ram.xncf, ignored.
Processing design ...
   Preping design's networks ...
   Preping design's macros ...
  finished :Prep
Writing EDIF netlist file ram.edif ...
ngc2edif: Total memory usage is 79220 kilobytes

Release 14.2 - ngc2edif P.28xd (nt64)
Copyright (c) 1995-2012 Xilinx, Inc.  All rights reserved.
Reading design ram.ngc ...
WARNING:NetListWriters:298 - No output is written to ram.xncf, ignored.
Processing design ...
   Preping design's networks ...
   Preping design's macros ...
  finished :Prep
Writing EDIF netlist file ram.edif ...
ngc2edif: Total memory usage is 83124 kilobytes

Release 14.2 - ngc2edif P.28xd (nt64)
Copyright (c) 1995-2012 Xilinx, Inc.  All rights reserved.
Reading design ram.ngc ...
WARNING:NetListWriters:298 - No output is written to ram.xncf, ignored.
Processing design ...
   Preping design's networks ...
   Preping design's macros ...
  finished :Prep
Writing EDIF netlist file ram.edif ...
ngc2edif: Total memory usage is 83188 kilobytes

